#
# A fatal error has been detected by the Java Runtime Environment:
#
#  EXCEPTION_ACCESS_VIOLATION (0xc0000005) at pc=0x00007ffdba3c1be9, pid=5100, tid=3784
#
# JRE version:  (18.0+36) (build )
# Java VM: OpenJDK 64-Bit Server VM (18+36-2087, mixed mode, sharing, tiered, unknown gc, windows-amd64)
# Problematic frame:
# C  [jimage.dll+0x1be9]
#
# No core dump will be written. Minidumps are not enabled by default on client versions of Windows
#
#

---------------  S U M M A R Y ------------

Command Line: 

Host: Intel(R) Core(TM) i5-9300H CPU @ 2.40GHz, 8 cores, 7G,  Windows 11 , 64 bit Build 22000 (10.0.22000.434)
Time: Fri Mar 25 09:20:14 2022 Est (heure d, 64 bit Build 22000 (10.0.22000.434) elapsed time: 0.031576 seconds (0d 0h 0m 0s)

---------------  T H R E A D  ---------------

Current thread is native thread

Stack: [0x0000004d91500000,0x0000004d91600000],  sp=0x0000004d915fd220,  free space=1012k
Native frames: (J=compiled Java code, j=interpreted, Vv=VM code, C=native code)
C  [jimage.dll+0x1be9]
C  [jimage.dll+0x1d77]
C  [jimage.dll+0x2655]
V  [jvm.dll+0x209d8a]
V  [jvm.dll+0xbcfbe]
V  [jvm.dll+0x7a051c]
V  [jvm.dll+0x40d6bf]
V  [jvm.dll+0x40f091]
C  [jli.dll+0x526b]
C  [ucrtbase.dll+0x26c0c]
C  [KERNEL32.DLL+0x154e0]
C  [ntdll.dll+0x485b]


siginfo: EXCEPTION_ACCESS_VIOLATION (0xc0000005), reading address 0x0000000000004354


Registers:
RAX=0x00000000000010ce, RBX=0x0000004d915fd311, RCX=0x00007ffdba3c6000, RDX=0x00000000000010ce
RSP=0x0000004d915fd220, RBP=0x0000004d915fd310, RSI=0x0000000000007223, RDI=0x0000004d915fd310
R8 =0x00007ffdba3c4288, R9 =0x000000000000001c, R10=0x00007ffdba620000, R11=0x00007ffdba3c6000
R12=0x0000000000000000, R13=0x0000004d915ff730, R14=0x0000004d915fe380, R15=0x00007ffd1d4c1918
RIP=0x00007ffdba3c1be9, EFLAGS=0x0000000000010246

Top of Stack: (sp=0x0000004d915fd220)
0x0000004d915fd220:   0000004d915fd430 00007ffd24000327
0x0000004d915fd230:   00000211c53e0b34 0000004d915fd408
0x0000004d915fd240:   00000211c54bc830 00007ffdba3c1d77
0x0000004d915fd250:   000000000000000b 00000211c54bc830
0x0000004d915fd260:   00000000000006f5 00000000000006f5
0x0000004d915fd270:   00000000000006f5 00007ffdd4da1d4a
0x0000004d915fd280:   00000211c54a3bd0 0000021124000327
0x0000004d915fd290:   00000211c54a0000 00000000000003ff
0x0000004d915fd2a0:   00000000000006f5 00000211c76c0080
0x0000004d915fd2b0:   000061a87e97fa45 00000211c54a0150
0x0000004d915fd2c0:   00007ffd1d4a0c40 0000000000000017
0x0000004d915fd2d0:   00000211c54bc830 0000004d915fe380
0x0000004d915fd2e0:   000000000000000b 00007ffdba3c2655
0x0000004d915fd2f0:   00000211c54a0000 00007ffd000003ff
0x0000004d915fd300:   000000000000074d 00000211c76d7b00
0x0000004d915fd310:   61622e6176616a2f 692f6b646a2f6573 

Instructions: (pc=0x00007ffdba3c1be9)
0x00007ffdba3c1ae9:   48 85 c9 74 1d 80 3d 1b 45 00 00 00 74 06 48 8b
0x00007ffdba3c1af9:   53 18 eb 04 48 8b 53 40 e8 ae 0e 00 00 48 83 63
0x00007ffdba3c1b09:   48 00 8b 4b 0c 83 f9 ff 74 09 e8 e4 0c 00 00 83
0x00007ffdba3c1b19:   4b 0c ff 48 8b 4b 70 48 85 c9 74 0f ba 10 00 00
0x00007ffdba3c1b29:   00 e8 fd 0e 00 00 48 83 63 70 00 48 83 c4 20 5b
0x00007ffdba3c1b39:   c3 cc cc 40 53 48 83 ec 20 48 8b d9 48 8d 0d d4
0x00007ffdba3c1b49:   46 00 00 e8 b3 0c 00 00 83 6b 08 01 75 24 48 8b
0x00007ffdba3c1b59:   d3 48 8d 0d b7 44 00 00 e8 22 08 00 00 48 8b cb
0x00007ffdba3c1b69:   e8 de fe ff ff ba 78 00 00 00 48 8b cb e8 b1 0e
0x00007ffdba3c1b79:   00 00 48 8d 0d 9e 46 00 00 48 83 c4 20 5b e9 80
0x00007ffdba3c1b89:   0c 00 00 48 89 5c 24 08 48 89 74 24 10 57 48 83
0x00007ffdba3c1b99:   ec 20 41 8b f1 4d 8b c8 48 8b fa 4c 8b d9 4d 85
0x00007ffdba3c1ba9:   c0 74 78 85 f6 74 74 44 8a 12 48 8d 5a 01 48 8b
0x00007ffdba3c1bb9:   d3 b8 93 01 00 01 eb 12 69 c0 93 01 00 01 41 0f
0x00007ffdba3c1bc9:   b6 ca 44 8a 12 33 c1 48 ff c2 45 84 d2 75 e9 4d
0x00007ffdba3c1bd9:   8b 03 0f ba f0 1f 33 d2 49 8b cb f7 f6 48 63 c2
0x00007ffdba3c1be9:   41 8b 14 81 41 ff 50 08 85 c0 7e 24 8a 0f eb 10
0x00007ffdba3c1bf9:   69 c0 93 01 00 01 0f b6 c9 33 c1 8a 0b 48 ff c3
0x00007ffdba3c1c09:   84 c9 75 ec 0f ba f0 1f 33 d2 f7 f6 8b c2 eb 0e
0x00007ffdba3c1c19:   79 09 83 c9 ff 2b c8 8b c1 eb 03 83 c8 ff 48 8b
0x00007ffdba3c1c29:   5c 24 30 48 8b 74 24 38 48 83 c4 20 5f c3 cc 48
0x00007ffdba3c1c39:   89 5c 24 08 48 89 74 24 10 57 48 83 ec 20 48 8b
0x00007ffdba3c1c49:   f1 48 8d 0d cf 45 00 00 e8 ae 0b 00 00 33 ff 39
0x00007ffdba3c1c59:   3d ba 43 00 00 76 24 48 8b 05 b9 43 00 00 48 8b
0x00007ffdba3c1c69:   d6 48 8b 1c f8 48 8b 0b e8 64 1e 00 00 85 c0 74
0x00007ffdba3c1c79:   2b ff c7 3b 3d 96 43 00 00 72 dc 33 db 48 8d 0d
0x00007ffdba3c1c89:   93 45 00 00 e8 7a 0b 00 00 48 8b 74 24 38 48 8b
0x00007ffdba3c1c99:   c3 48 8b 5c 24 30 48 83 c4 20 5f c3 ff 43 08 eb
0x00007ffdba3c1ca9:   dc cc cc 48 89 5c 24 08 48 89 74 24 10 57 48 83
0x00007ffdba3c1cb9:   ec 20 48 8b d9 48 8b f2 48 8b 49 10 49 8b f8 8b
0x00007ffdba3c1cc9:   53 30 48 8b 01 ff 50 20 4c 8b 43 50 48 8b d6 48
0x00007ffdba3c1cd9:   8b 4b 10 44 8b c8 e8 a8 fe ff ff 83 f8 ff 74 38 



---------------  P R O C E S S  ---------------

VM state: not at safepoint (not fully initialized)

VM Mutex/Monitor currently owned by a thread: None

GC Precious Log:
<Not initialized>


Dynamic libraries:
0x00007ff678f50000 - 0x00007ff678f5e000 	C:\Users\remyl\.jdks\openjdk-18\bin\java.exe
0x00007ffdd4d80000 - 0x00007ffdd4f89000 	C:\WINDOWS\SYSTEM32\ntdll.dll
0x00007ffdd3920000 - 0x00007ffdd39dd000 	C:\WINDOWS\System32\KERNEL32.DLL
0x00007ffdd2540000 - 0x00007ffdd28b4000 	C:\WINDOWS\System32\KERNELBASE.dll
0x00007ffdd2a60000 - 0x00007ffdd2b71000 	C:\WINDOWS\System32\ucrtbase.dll
0x00007ffdba620000 - 0x00007ffdba63a000 	C:\Users\remyl\.jdks\openjdk-18\bin\VCRUNTIME140.dll
0x00007ffdba5d0000 - 0x00007ffdba5e7000 	C:\Users\remyl\.jdks\openjdk-18\bin\jli.dll
0x00007ffdd4160000 - 0x00007ffdd430c000 	C:\WINDOWS\System32\USER32.dll
0x00007ffdd2450000 - 0x00007ffdd2476000 	C:\WINDOWS\System32\win32u.dll
0x00007ffda7940000 - 0x00007ffda7be5000 	C:\WINDOWS\WinSxS\amd64_microsoft.windows.common-controls_6595b64144ccf1df_6.0.22000.120_none_9d947278b86cc467\COMCTL32.dll
0x00007ffdd38f0000 - 0x00007ffdd3919000 	C:\WINDOWS\System32\GDI32.dll
0x00007ffdd2f00000 - 0x00007ffdd2fa3000 	C:\WINDOWS\System32\msvcrt.dll
0x00007ffdd28c0000 - 0x00007ffdd29d2000 	C:\WINDOWS\System32\gdi32full.dll
0x00007ffdd2b80000 - 0x00007ffdd2c1d000 	C:\WINDOWS\System32\msvcp_win.dll
0x00007ffdd2fb0000 - 0x00007ffdd2fe1000 	C:\WINDOWS\System32\IMM32.DLL
0x00007ffdbb0a0000 - 0x00007ffdbb0ac000 	C:\Users\remyl\.jdks\openjdk-18\bin\vcruntime140_1.dll
0x00007ffdb8d90000 - 0x00007ffdb8e1d000 	C:\Users\remyl\.jdks\openjdk-18\bin\msvcp140.dll
0x00007ffd1cbc0000 - 0x00007ffd1d7d1000 	C:\Users\remyl\.jdks\openjdk-18\bin\server\jvm.dll
0x00007ffdd37b0000 - 0x00007ffdd385e000 	C:\WINDOWS\System32\ADVAPI32.dll
0x00007ffdd4370000 - 0x00007ffdd440e000 	C:\WINDOWS\System32\sechost.dll
0x00007ffdd4c20000 - 0x00007ffdd4d40000 	C:\WINDOWS\System32\RPCRT4.dll
0x00007ffdd46c0000 - 0x00007ffdd46c8000 	C:\WINDOWS\System32\PSAPI.DLL
0x00007ffdceeb0000 - 0x00007ffdceee3000 	C:\WINDOWS\SYSTEM32\WINMM.dll
0x00007ffdbe0d0000 - 0x00007ffdbe0d9000 	C:\WINDOWS\SYSTEM32\WSOCK32.dll
0x00007ffdd4430000 - 0x00007ffdd449f000 	C:\WINDOWS\System32\WS2_32.dll
0x00007ffdc73d0000 - 0x00007ffdc73da000 	C:\WINDOWS\SYSTEM32\VERSION.dll
0x00007ffdd1430000 - 0x00007ffdd1448000 	C:\WINDOWS\SYSTEM32\kernel.appcore.dll
0x00007ffdba3c0000 - 0x00007ffdba3ca000 	C:\Users\remyl\.jdks\openjdk-18\bin\jimage.dll
0x00007ffdcfd30000 - 0x00007ffdcff51000 	C:\WINDOWS\SYSTEM32\DBGHELP.DLL
0x00007ffdcee70000 - 0x00007ffdceea1000 	C:\WINDOWS\SYSTEM32\dbgcore.DLL
0x00007ffdd29e0000 - 0x00007ffdd2a5f000 	C:\WINDOWS\System32\bcryptPrimitives.dll

dbghelp: loaded successfully - version: 4.0.5 - missing functions: none
symbol engine: initialized successfully - sym options: 0x614 - pdb path: .;C:\Users\remyl\.jdks\openjdk-18\bin;C:\WINDOWS\SYSTEM32;C:\WINDOWS\WinSxS\amd64_microsoft.windows.common-controls_6595b64144ccf1df_6.0.22000.120_none_9d947278b86cc467;C:\Users\remyl\.jdks\openjdk-18\bin\server

VM Arguments:
java_command: <unknown>
java_class_path (initial): <not set>
Launcher Type: SUN_STANDARD

[Global flags]
     bool UseLargePagesIndividualAllocation        = false                                  {pd product} {ergonomic}

Logging:
Log output configuration:
 #0: stdout all=warning uptime,level,tags foldmultilines=false
 #1: stderr all=off uptime,level,tags foldmultilines=false

Environment Variables:
JAVA_HOME=C:\Program Files\Java\jdk-11.0.13
PATH=C:\Python310\Scripts\;C:\Python310\;C:\Windows\system32;C:\Windows;C:\Windows\System32\Wbem;C:\Windows\System32\WindowsPowerShell\v1.0\;C:\Windows\System32\OpenSSH\;C:\Program Files (x86)\NVIDIA Corporation\PhysX\Common;C:\Program Files\NVIDIA Corporation\NVIDIA NvDLISR;C:\WINDOWS\system32;C:\WINDOWS;C:\WINDOWS\System32\Wbem;C:\WINDOWS\System32\WindowsPowerShell\v1.0\;C:\WINDOWS\System32\OpenSSH\;C:\Program Files\Git\cmd;C:\Program Files\Microsoft SQL Server\Client SDK\ODBC\170\Tools\Binn\;C:\Program Files (x86)\Microsoft SQL Server\150\DTS\Binn\;C:\Program Files\Azure Data Studio\bin;C:\Program Files\Microsoft SQL Server\Client SDK\ODBC\130\Tools\Binn\;C:\Program Files (x86)\Microsoft SQL Server\140\Tools\Binn\;C:\Program Files\Microsoft SQL Server\140\Tools\Binn\;C:\Program Files\Microsoft SQL Server\140\DTS\Binn\;C:\Program Files\dotnet\;C:\Program Files\Microsoft SQL Server\130\Tools\Binn\;C:\Program Files (x86)\Microsoft SQL Server\110\DTS\Binn\;C:\Program Files (x86)\Microsoft SQL Server\120\DTS\Binn\;C:\Program Files (x86)\Microsoft SQL Server\130\DTS\Binn\;C:\Program Files (x86)\Microsoft SQL Server\140\DTS\Binn\;C:\Program Files (x86)\dotnet\;C:\Program Files\nodejs\;C:\ProgramData\chocolatey\bin;C:\Program Files\Docker\Docker\resources\bin;C:\ProgramData\DockerDesktop\version-bin;C:\Program Files\Java\jdk-11.0.13\bin;C:\Program Files\ant\apache-ant-1.10.12\bin;C:\Users\remyl\AppData\Local\Programs\Python\Python39\Scripts\;C:\Users\remyl\AppData\Local\Programs\Python\Python39\;C:\Users\remyl\AppData\Local\Microsoft\WindowsApps;C:\Users\remyl\AppData\Local\Programs\Microsoft VS Code\bin;C:\Users\remyl\AppData\Local\gitkraken\bin;C:\Users\remyl\.dotnet\tools;C:\Users\remyl\AppData\Local\Microsoft\WindowsApps;C:\Users\remyl\AppData\Roaming\npm;C:\Program Files\heroku\bin;C:\Program Files\maven\apache-maven-3.8.4\bin
USERNAME=remyl
OS=Windows_NT
PROCESSOR_IDENTIFIER=Intel64 Family 6 Model 158 Stepping 10, GenuineIntel



---------------  S Y S T E M  ---------------

OS:
 Windows 11 , 64 bit Build 22000 (10.0.22000.434)
OS uptime: 2 days 20:20 hours

CPU: total 8 (initial active 0) 

Memory: 4k page, system-wide physical 7973M (782M free)
TotalPageFile size 25936M (AvailPageFile size 10959M)
current process WorkingSet (physical memory assigned to process): 8M, peak: 8M
current process commit charge ("private bytes"): 3M, peak: 3M

vm_info: OpenJDK 64-Bit Server VM (18+36-2087) for windows-amd64 JRE (18+36-2087), built on Feb 15 2022 09:37:35 by "mach5one" with MS VC++ 16.8 / 16.9 (VS2019)

END.
